<?xml version="1.0" encoding="UTF-8"?>
<!-- Generated by org.testng.reporters.JUnitReportReporter -->
<testsuite hostname="LAPTOP-PV3V3DPQ" failures="0" tests="1" name="dishrivas.Framework.Demo.LoginTest" time="0.004" errors="0" timestamp="2020-05-14T22:34:16 NZST" skipped="0">
  <testcase classname="dishrivas.Framework.Demo.LoginTest" name="TestWebsiteLogin" time="0.004"/>
  <system-out/>
</testsuite> <!-- dishrivas.Framework.Demo.LoginTest -->
